app/build/intermediates/manifest_merge_blame_file/debug/manifest-merger-blame-debug-report.txt
1<?xml version="1.0" encoding="utf-8"?>
2<manifest xmlns:android="http://schemas.android.com/apk/res/android"
3    package="org.apache.android.xmpp" >
4
5    <uses-sdk android:minSdkVersion="1" />
5-->src/main/AndroidManifest.xml
6
7    <uses-permission android:name="android.permission.INTERNET" />
7-->src/main/AndroidManifest.xml:4:5-67
7-->src/main/AndroidManifest.xml:4:22-64
8
9    <application
9-->src/main/AndroidManifest.xml:6:5-14:19
10        android:name="org.apache.android.xmpp.XMPPDemosApplication"
10-->src/main/AndroidManifest.xml:6:19-54
11        android:debuggable="true"
12        android:label="XMPP Demo"
12-->src/main/AndroidManifest.xml:7:13-38
13        android:testOnly="true" >
14        <activity
14-->src/main/AndroidManifest.xml:8:9-13:20
15            android:name="org.apache.android.xmpp.XMPPClient"
15-->src/main/AndroidManifest.xml:8:19-45
16            android:label="XMPPClient" >
16-->src/main/AndroidManifest.xml:8:46-72
17            <intent-filter>
17-->src/main/AndroidManifest.xml:9:13-12:29
18                <action android:name="android.intent.action.MAIN" />
18-->src/main/AndroidManifest.xml:10:17-68
18-->src/main/AndroidManifest.xml:10:25-66
19
20                <category android:name="android.intent.category.LAUNCHER" />
20-->src/main/AndroidManifest.xml:11:17-76
20-->src/main/AndroidManifest.xml:11:27-74
21            </intent-filter>
22        </activity>
23    </application>
24
25</manifest>